<?xml version="1.0" encoding="UTF-8"?>
<persistence version="2.0" xmlns="http://java.sun.com/xml/ns/persistence"
	xmlns:xsi="http://www.w3.org/2001/XMLSchema-instance"
	xsi:schemaLocation="http://java.sun.com/xml/ns/persistence http://java.sun.com/xml/ns/persistence/persistence_2_0.xsd">
    <persistence-unit name="osapulie-test" transaction-type="RESOURCE_LOCAL">
		<provider>org.eclipse.persistence.jpa.PersistenceProvider</provider>
		
		<!-- Application domain -->
		<class>it.osapulie.domain.AreaAggregata</class>
		<class>it.osapulie.domain.ComuneISA</class>
		<class>it.osapulie.domain.Indirizzo</class>
		<class>it.osapulie.domain.ProfiloUtenteCittadino</class>
		<class>it.osapulie.domain.Azienda</class>
		<class>it.osapulie.domain.fascicoloutente.FascicoloUtente</class>
		<class>it.osapulie.domain.fascicoloutente.RichiestaServizio</class>
		<class>it.osapulie.domain.servizi.Servizio</class>
		<class>it.osapulie.domain.servizi.ServizioErogato</class>

        <properties>
            <property name="eclipselink.weaving" value="static" />
<!--
			When maven-enabled, the placeholder will get replaced by actual values. 
			<property name="eclipselink.ddl-generation" value="${eclipselink.ddl-generation}" />
			<property name="eclipselink.ddl-generation.output-mode" value="${eclipselink.ddl-generation.output-mode}" />
			<property name="eclipselink.application-location" value="${eclipselink.application-location}" />
			<property name="eclipselink.create-ddl-jdbc-file-name" value="${eclipselink.create-ddl-jdbc-file-name}" />
			<property name="eclipselink.drop-ddl-jdbc-file-name" value="${eclipselink.drop-ddl-jdbc-file-name}" />
			<property name="eclipselink.logging.level" value="${eclipselink.logging.level}" />
 -->
			<property name="eclipselink.ddl-generation" value="drop-and-create-tables" />
			<property name="eclipselink.ddl-generation.output-mode" value="sql-script" />
			<property name="eclipselink.application-location" value="/tmp/" />
			<property name="eclipselink.create-ddl-jdbc-file-name" value="osapulie-ddl-create.sql" />
			<property name="eclipselink.drop-ddl-jdbc-file-name" value="osapulie-ddl-drop.sql" />

        	<!--
        		See http://wiki.eclipse.org/Using_EclipseLink_JPA_Extensions_%28ELUG%29 
        	 -->
            <property name="eclipselink.logging.level" value="FINEST" />
            <property name="eclipselink.logging.thread" value="false" />
            <property name="eclipselink.logging.session" value="false" />
            <property name="eclipselink.logging.exceptions" value="true" />
            <property name="eclipselink.logging.timestamp" value="false"/>            
        </properties>
    </persistence-unit>
</persistence>