<?xml version="1.0" encoding="UTF-8"?>
<!-- 
	Shared test configurations.
 -->
<beans xmlns="http://www.springframework.org/schema/beans"
	xmlns:xsi="http://www.w3.org/2001/XMLSchema-instance"
	xmlns:context="http://www.springframework.org/schema/context"
	xsi:schemaLocation="http://www.springframework.org/schema/beans http://www.springframework.org/schema/beans/spring-beans.xsd
		http://www.springframework.org/schema/context http://www.springframework.org/schema/context/spring-context-3.0.xsd">

	<context:annotation-config />
	
    <bean id="applicationProperties" class="org.springframework.beans.factory.config.PropertiesFactoryBean">
		<property name="ignoreResourceNotFound" value="true" />
		<property name="locations">
			<list>
                <value>file:/home/pindi/Scrivania/application.properties</value>
			</list>
		</property>
	</bean>
	<context:property-placeholder properties-ref="applicationProperties" ignore-resource-not-found="true" ignore-unresolvable="true"/>
    
    <bean id="serviceEvaluationUtil" class="it.osapulie.web.portlet.util.CommonServiceUtil" />
</beans>
